# JRE version: OpenJDK Runtime Environment Microsoft-13106404 (21.0.10+7) (build 21.0.10+7-LTS)
# Java VM: OpenJDK 64-Bit Server VM Microsoft-13106404 (21.0.10+7-LTS, mixed mode, sharing, tiered, compressed oops, compressed class ptrs, g1 gc, windows-amd64)
GC Precious Log:
 CardTable entry size: 512
 Card Set container configuration: InlinePtr #cards 4 size 8 Array Of Cards #cards 16 size 48 Howl #buckets 8 coarsen threshold 3686 Howl Bitmap #cards 512 size 80 coarsen threshold 460 Card regions per heap region 1 cards per card region 4096
 CPUs: 8 total, 8 available
 Memory: 16190M
 Large Page Support: Disabled
 NUMA Support: Disabled
 Compressed Oops: Enabled (Zero based)
 Heap Region Size: 2M
 Heap Min Capacity: 8M
 Heap Initial Capacity: 254M
 Heap Max Capacity: 4048M
 Pre-touch: Disabled
 Parallel Workers: 8
 Concurrent Workers: 2
 Concurrent Refinement Workers: 8
 Periodic GC: Disabled
Heap:
 garbage-first heap   total 163840K, used 64384K [0x0000000703000000, 0x0000000800000000)
  region size 2048K, 10 young (20480K), 6 survivors (12288K)
 Metaspace       used 81967K, committed 82752K, reserved 1179648K
  class space    used 11513K, committed 11904K, reserved 1048576K
GC Heap History (20 events):
Event: 29.018 GC heap before
{Heap before GC invocations=27 (full 0):
 garbage-first heap   total 116736K, used 97245K [0x0000000703000000, 0x0000000800000000)
  region size 2048K, 34 young (69632K), 2 survivors (4096K)
 Metaspace       used 70045K, committed 70720K, reserved 1114112K
  class space    used 9812K, committed 10112K, reserved 1048576K
}
Event: 29.024 GC heap after
{Heap after GC invocations=28 (full 0):
 garbage-first heap   total 116736K, used 32612K [0x0000000703000000, 0x0000000800000000)
  region size 2048K, 2 young (4096K), 2 survivors (4096K)
 Metaspace       used 70045K, committed 70720K, reserved 1114112K
  class space    used 9812K, committed 10112K, reserved 1048576K
}
Event: 40.775 GC heap before
{Heap before GC invocations=28 (full 0):
 garbage-first heap   total 116736K, used 98148K [0x0000000703000000, 0x0000000800000000)
  region size 2048K, 34 young (69632K), 2 survivors (4096K)
 Metaspace       used 75933K, committed 76736K, reserved 1179648K
  class space    used 10600K, committed 10944K, reserved 1048576K
}
Event: 40.793 GC heap after
{Heap after GC invocations=29 (full 0):
 garbage-first heap   total 116736K, used 38053K [0x0000000703000000, 0x0000000800000000)
  region size 2048K, 5 young (10240K), 5 survivors (10240K)
 Metaspace       used 75933K, committed 76736K, reserved 1179648K
  class space    used 10600K, committed 10944K, reserved 1048576K
}
Event: 41.857 GC heap before
{Heap before GC invocations=29 (full 0):
 garbage-first heap   total 116736K, used 97445K [0x0000000703000000, 0x0000000800000000)
  region size 2048K, 34 young (69632K), 5 survivors (10240K)
 Metaspace       used 79171K, committed 79936K, reserved 1179648K
  class space    used 11159K, committed 11520K, reserved 1048576K
}
Event: 41.878 GC heap after
{Heap after GC invocations=30 (full 0):
 garbage-first heap   total 116736K, used 40706K [0x0000000703000000, 0x0000000800000000)
  region size 2048K, 2 young (4096K), 2 survivors (4096K)
 Metaspace       used 79171K, committed 79936K, reserved 1179648K
  class space    used 11159K, committed 11520K, reserved 1048576K
}
Event: 42.037 GC heap before
{Heap before GC invocations=30 (full 0):
 garbage-first heap   total 116736K, used 104194K [0x0000000703000000, 0x0000000800000000)
  region size 2048K, 33 young (67584K), 2 survivors (4096K)
 Metaspace       used 79178K, committed 80000K, reserved 1179648K
  class space    used 11159K, committed 11520K, reserved 1048576K
}
Event: 42.044 GC heap after
{Heap after GC invocations=31 (full 0):
 garbage-first heap   total 116736K, used 41648K [0x0000000703000000, 0x0000000800000000)
  region size 2048K, 2 young (4096K), 2 survivors (4096K)
 Metaspace       used 79178K, committed 80000K, reserved 1179648K
  class space    used 11159K, committed 11520K, reserved 1048576K
}
Event: 42.231 GC heap before
{Heap before GC invocations=32 (full 0):
 garbage-first heap   total 116736K, used 107184K [0x0000000703000000, 0x0000000800000000)
  region size 2048K, 34 young (69632K), 2 survivors (4096K)
 Metaspace       used 79170K, committed 80000K, reserved 1179648K
  class space    used 11157K, committed 11520K, reserved 1048576K
}
Event: 42.240 GC heap after
{Heap after GC invocations=33 (full 0):
 garbage-first heap   total 116736K, used 43473K [0x0000000703000000, 0x0000000800000000)
  region size 2048K, 3 young (6144K), 3 survivors (6144K)
 Metaspace       used 79170K, committed 80000K, reserved 1179648K
  class space    used 11157K, committed 11520K, reserved 1048576K
}
Event: 42.359 GC heap before
{Heap before GC invocations=33 (full 0):
 garbage-first heap   total 116736K, used 106961K [0x0000000703000000, 0x0000000800000000)
  region size 2048K, 34 young (69632K), 3 survivors (6144K)
 Metaspace       used 79170K, committed 80000K, reserved 1179648K
  class space    used 11157K, committed 11520K, reserved 1048576K
}
Event: 42.371 GC heap after
{Heap after GC invocations=34 (full 0):
 garbage-first heap   total 118784K, used 44915K [0x0000000703000000, 0x0000000800000000)
  region size 2048K, 3 young (6144K), 3 survivors (6144K)
 Metaspace       used 79170K, committed 80000K, reserved 1179648K
  class space    used 11157K, committed 11520K, reserved 1048576K
}
Event: 42.490 GC heap before
{Heap before GC invocations=34 (full 0):
 garbage-first heap   total 118784K, used 108403K [0x0000000703000000, 0x0000000800000000)
  region size 2048K, 34 young (69632K), 3 survivors (6144K)
 Metaspace       used 79170K, committed 80000K, reserved 1179648K
  class space    used 11157K, committed 11520K, reserved 1048576K
}
Event: 42.500 GC heap after
{Heap after GC invocations=35 (full 0):
 garbage-first heap   total 235520K, used 46232K [0x0000000703000000, 0x0000000800000000)
  region size 2048K, 4 young (8192K), 4 survivors (8192K)
 Metaspace       used 79170K, committed 80000K, reserved 1179648K
  class space    used 11157K, committed 11520K, reserved 1048576K
}
Event: 42.726 GC heap before
{Heap before GC invocations=36 (full 0):
 garbage-first heap   total 163840K, used 136344K [0x0000000703000000, 0x0000000800000000)
  region size 2048K, 48 young (98304K), 4 survivors (8192K)
 Metaspace       used 79170K, committed 80000K, reserved 1179648K
  class space    used 11157K, committed 11520K, reserved 1048576K
}
Event: 42.737 GC heap after
{Heap after GC invocations=37 (full 0):
 garbage-first heap   total 163840K, used 48968K [0x0000000703000000, 0x0000000800000000)
  region size 2048K, 5 young (10240K), 5 survivors (10240K)
 Metaspace       used 79170K, committed 80000K, reserved 1179648K
  class space    used 11157K, committed 11520K, reserved 1048576K
}
Event: 42.919 GC heap before
{Heap before GC invocations=37 (full 0):
 garbage-first heap   total 163840K, used 137032K [0x0000000703000000, 0x0000000800000000)
  region size 2048K, 48 young (98304K), 5 survivors (10240K)
 Metaspace       used 79171K, committed 80000K, reserved 1179648K
  class space    used 11158K, committed 11520K, reserved 1048576K
}
Event: 42.932 GC heap after
{Heap after GC invocations=38 (full 0):
 garbage-first heap   total 163840K, used 50841K [0x0000000703000000, 0x0000000800000000)
  region size 2048K, 4 young (8192K), 4 survivors (8192K)
 Metaspace       used 79171K, committed 80000K, reserved 1179648K
  class space    used 11158K, committed 11520K, reserved 1048576K
}
Event: 161.889 GC heap before
{Heap before GC invocations=38 (full 0):
 garbage-first heap   total 163840K, used 140953K [0x0000000703000000, 0x0000000800000000)
  region size 2048K, 48 young (98304K), 4 survivors (8192K)
 Metaspace       used 81927K, committed 82688K, reserved 1179648K
  class space    used 11513K, committed 11904K, reserved 1048576K
}
Event: 161.913 GC heap after
{Heap after GC invocations=39 (full 0):
 garbage-first heap   total 163840K, used 58240K [0x0000000703000000, 0x0000000800000000)
  region size 2048K, 6 young (12288K), 6 survivors (12288K)
 Metaspace       used 81927K, committed 82688K, reserved 1179648K
  class space    used 11513K, committed 11904K, reserved 1048576K
}

